CRITICAL - 2025-09-27 07:25:37 --> CodeIgniter\View\Exceptions\ViewException: Invalid file: "login.php"
[Method: GET, Route: /]
in SYSTEMPATH\Exceptions\FrameworkException.php on line 39.
 1 SYSTEMPATH\View\View.php(214): CodeIgniter\Exceptions\FrameworkException::forInvalidFile('login.php')
 2 SYSTEMPATH\Common.php(1199): CodeIgniter\View\View->render('login', [], true)
 3 APPPATH\Controllers\Home.php(9): view('login')
 4 SYSTEMPATH\CodeIgniter.php(933): App\Controllers\Home->index()
 5 SYSTEMPATH\CodeIgniter.php(507): CodeIgniter\CodeIgniter->runController(Object(App\Controllers\Home))
 6 SYSTEMPATH\CodeIgniter.php(354): CodeIgniter\CodeIgniter->handleRequest(null, Object(Config\Cache), false)
 7 SYSTEMPATH\Boot.php(363): CodeIgniter\CodeIgniter->run()
 8 SYSTEMPATH\Boot.php(68): CodeIgniter\Boot::runCodeIgniter(Object(CodeIgniter\CodeIgniter))
 9 FCPATH\index.php(59): CodeIgniter\Boot::bootWeb(Object(Config\Paths))
10 SYSTEMPATH\rewrite.php(44): require_once('C:\\Users\\BONOU Mahuna Justus\\Desktop\\WEB\\BOOSTRAP\\Application\\Mon_Projet\\public\\index.php')
CRITICAL - 2025-09-27 07:25:50 --> CodeIgniter\View\Exceptions\ViewException: Invalid file: "login.php"
[Method: GET, Route: /]
in SYSTEMPATH\Exceptions\FrameworkException.php on line 39.
 1 SYSTEMPATH\View\View.php(214): CodeIgniter\Exceptions\FrameworkException::forInvalidFile('login.php')
 2 SYSTEMPATH\Common.php(1199): CodeIgniter\View\View->render('login', [], true)
 3 APPPATH\Controllers\Home.php(9): view('login')
 4 SYSTEMPATH\CodeIgniter.php(933): App\Controllers\Home->index()
 5 SYSTEMPATH\CodeIgniter.php(507): CodeIgniter\CodeIgniter->runController(Object(App\Controllers\Home))
 6 SYSTEMPATH\CodeIgniter.php(354): CodeIgniter\CodeIgniter->handleRequest(null, Object(Config\Cache), false)
 7 SYSTEMPATH\Boot.php(363): CodeIgniter\CodeIgniter->run()
 8 SYSTEMPATH\Boot.php(68): CodeIgniter\Boot::runCodeIgniter(Object(CodeIgniter\CodeIgniter))
 9 FCPATH\index.php(59): CodeIgniter\Boot::bootWeb(Object(Config\Paths))
10 SYSTEMPATH\rewrite.php(44): require_once('C:\\Users\\BONOU Mahuna Justus\\Desktop\\WEB\\BOOSTRAP\\Application\\Mon_Projet\\public\\index.php')
CRITICAL - 2025-09-27 10:10:46 --> CodeIgniter\View\Exceptions\ViewException: Invalid file: "dashboard/etudiant/index.php"
[Method: GET, Route: dashboard/etudiant/index]
in SYSTEMPATH\Exceptions\FrameworkException.php on line 39.
 1 SYSTEMPATH\View\View.php(214): CodeIgniter\Exceptions\FrameworkException::forInvalidFile('dashboard/etudiant/index.php')
 2 SYSTEMPATH\Common.php(1199): CodeIgniter\View\View->render('dashboard/etudiant/index', [], true)
 3 APPPATH\Controllers\Dashboard.php(10): view('dashboard/etudiant/index')
 4 SYSTEMPATH\CodeIgniter.php(933): App\Controllers\Dashboard->index()
 5 SYSTEMPATH\CodeIgniter.php(507): CodeIgniter\CodeIgniter->runController(Object(App\Controllers\Dashboard))
 6 SYSTEMPATH\CodeIgniter.php(354): CodeIgniter\CodeIgniter->handleRequest(null, Object(Config\Cache), false)
 7 SYSTEMPATH\Boot.php(363): CodeIgniter\CodeIgniter->run()
 8 SYSTEMPATH\Boot.php(68): CodeIgniter\Boot::runCodeIgniter(Object(CodeIgniter\CodeIgniter))
 9 FCPATH\index.php(59): CodeIgniter\Boot::bootWeb(Object(Config\Paths))
10 SYSTEMPATH\rewrite.php(44): require_once('C:\\Users\\BONOU Mahuna Justus\\Desktop\\WEB\\BOOSTRAP\\Application\\Mon_Projet\\public\\index.php')
CRITICAL - 2025-09-27 10:35:39 --> CodeIgniter\View\Exceptions\ViewException: Invalid file: "dashboard/etudiant/index.php"
[Method: POST, Route: dashboard/etudiant/index]
in SYSTEMPATH\Exceptions\FrameworkException.php on line 39.
 1 SYSTEMPATH\View\View.php(214): CodeIgniter\Exceptions\FrameworkException::forInvalidFile('dashboard/etudiant/index.php')
 2 SYSTEMPATH\Common.php(1199): CodeIgniter\View\View->render('dashboard/etudiant/index', [], true)
 3 APPPATH\Controllers\Dashboard.php(11): view('dashboard/etudiant/index')
 4 SYSTEMPATH\CodeIgniter.php(933): App\Controllers\Dashboard->index()
 5 SYSTEMPATH\CodeIgniter.php(507): CodeIgniter\CodeIgniter->runController(Object(App\Controllers\Dashboard))
 6 SYSTEMPATH\CodeIgniter.php(354): CodeIgniter\CodeIgniter->handleRequest(null, Object(Config\Cache), false)
 7 SYSTEMPATH\Boot.php(363): CodeIgniter\CodeIgniter->run()
 8 SYSTEMPATH\Boot.php(68): CodeIgniter\Boot::runCodeIgniter(Object(CodeIgniter\CodeIgniter))
 9 FCPATH\index.php(59): CodeIgniter\Boot::bootWeb(Object(Config\Paths))
10 SYSTEMPATH\rewrite.php(44): require_once('C:\\Users\\BONOU Mahuna Justus\\Desktop\\WEB\\BOOSTRAP\\Application\\Mon_Projet\\public\\index.php')
CRITICAL - 2025-09-27 10:37:21 --> CodeIgniter\View\Exceptions\ViewException: Invalid file: "dashboard/etudiant/index.php"
[Method: POST, Route: dashboard/etudiant/index]
in SYSTEMPATH\Exceptions\FrameworkException.php on line 39.
 1 SYSTEMPATH\View\View.php(214): CodeIgniter\Exceptions\FrameworkException::forInvalidFile('dashboard/etudiant/index.php')
 2 SYSTEMPATH\Common.php(1199): CodeIgniter\View\View->render('dashboard/etudiant/index', [], true)
 3 APPPATH\Controllers\Dashboard.php(11): view('dashboard/etudiant/index')
 4 SYSTEMPATH\CodeIgniter.php(933): App\Controllers\Dashboard->index()
 5 SYSTEMPATH\CodeIgniter.php(507): CodeIgniter\CodeIgniter->runController(Object(App\Controllers\Dashboard))
 6 SYSTEMPATH\CodeIgniter.php(354): CodeIgniter\CodeIgniter->handleRequest(null, Object(Config\Cache), false)
 7 SYSTEMPATH\Boot.php(363): CodeIgniter\CodeIgniter->run()
 8 SYSTEMPATH\Boot.php(68): CodeIgniter\Boot::runCodeIgniter(Object(CodeIgniter\CodeIgniter))
 9 FCPATH\index.php(59): CodeIgniter\Boot::bootWeb(Object(Config\Paths))
10 SYSTEMPATH\rewrite.php(44): require_once('C:\\Users\\BONOU Mahuna Justus\\Desktop\\WEB\\BOOSTRAP\\Application\\Mon_Projet\\public\\index.php')
CRITICAL - 2025-09-27 11:33:06 --> CodeIgniter\HTTP\Exceptions\BadRequestException: The URI you submitted has disallowed characters: "chartist-plugin-tooltip.min.js')?>"><"
[Method: GET, Route: plugings/bower_components/chartist-plugin-tooltips/dist/chartist-plugin-tooltip.min.js%22%3E%3C/script%3E_%20%20%3Cscript%20src=%22js/pages/dashboards/dashboard1.js]
in SYSTEMPATH\Router\Router.php on line 741.
 1 SYSTEMPATH\Router\Router.php(207): CodeIgniter\Router\Router->checkDisallowedChars('plugings/bower_components/chartist-plugin-tooltips/dist/chartist-plugin-tooltip.min.js')?>"></script>_  <script src = "<?=base_url()?>/<?=base_url('js/pages/dashboards/dashboard1.js')
 2 SYSTEMPATH\CodeIgniter.php(832): CodeIgniter\Router\Router->handle('plugings/bower_components/chartist-plugin-tooltips/dist/chartist-plugin-tooltip.min.js')?>"></script>_  <script src = "<?=base_url()?>/<?=base_url('js/pages/dashboards/dashboard1.js')
 3 SYSTEMPATH\CodeIgniter.php(455): CodeIgniter\CodeIgniter->tryToRouteIt(Object(CodeIgniter\Router\RouteCollection))
 4 SYSTEMPATH\CodeIgniter.php(354): CodeIgniter\CodeIgniter->handleRequest(null, Object(Config\Cache), false)
 5 SYSTEMPATH\Boot.php(363): CodeIgniter\CodeIgniter->run()
 6 SYSTEMPATH\Boot.php(68): CodeIgniter\Boot::runCodeIgniter(Object(CodeIgniter\CodeIgniter))
 7 FCPATH\index.php(59): CodeIgniter\Boot::bootWeb(Object(Config\Paths))
 8 SYSTEMPATH\rewrite.php(44): require_once('C:\\Users\\BONOU Mahuna Justus\\Desktop\\WEB\\BOOSTRAP\\Application\\Mon_Projet\\public\\index.php')
CRITICAL - 2025-09-27 11:35:12 --> CodeIgniter\HTTP\Exceptions\BadRequestException: The URI you submitted has disallowed characters: "chartist-plugin-tooltip.min.js')?>"><"
[Method: GET, Route: plugings/bower_components/chartist-plugin-tooltips/dist/chartist-plugin-tooltip.min.js%22%3E%3C/script%3E_%20%20%3Cscript%20src=%22js/pages/dashboards/dashboard1.js]
in SYSTEMPATH\Router\Router.php on line 741.
 1 SYSTEMPATH\Router\Router.php(207): CodeIgniter\Router\Router->checkDisallowedChars('plugings/bower_components/chartist-plugin-tooltips/dist/chartist-plugin-tooltip.min.js')?>"></script>_  <script src = "<?=base_url()?>/<?=base_url('js/pages/dashboards/dashboard1.js')
 2 SYSTEMPATH\CodeIgniter.php(832): CodeIgniter\Router\Router->handle('plugings/bower_components/chartist-plugin-tooltips/dist/chartist-plugin-tooltip.min.js')?>"></script>_  <script src = "<?=base_url()?>/<?=base_url('js/pages/dashboards/dashboard1.js')
 3 SYSTEMPATH\CodeIgniter.php(455): CodeIgniter\CodeIgniter->tryToRouteIt(Object(CodeIgniter\Router\RouteCollection))
 4 SYSTEMPATH\CodeIgniter.php(354): CodeIgniter\CodeIgniter->handleRequest(null, Object(Config\Cache), false)
 5 SYSTEMPATH\Boot.php(363): CodeIgniter\CodeIgniter->run()
 6 SYSTEMPATH\Boot.php(68): CodeIgniter\Boot::runCodeIgniter(Object(CodeIgniter\CodeIgniter))
 7 FCPATH\index.php(59): CodeIgniter\Boot::bootWeb(Object(Config\Paths))
 8 SYSTEMPATH\rewrite.php(44): require_once('C:\\Users\\BONOU Mahuna Justus\\Desktop\\WEB\\BOOSTRAP\\Application\\Mon_Projet\\public\\index.php')
CRITICAL - 2025-09-27 12:52:54 --> CodeIgniter\HTTP\Exceptions\BadRequestException: The URI you submitted has disallowed characters: "dashboard1.js')"
[Method: GET, Route: dashboard/etudiant/js/pages/dashboards/dashboard1.js%27%29]
in SYSTEMPATH\Router\Router.php on line 741.
 1 SYSTEMPATH\Router\Router.php(207): CodeIgniter\Router\Router->checkDisallowedChars('dashboard/etudiant/js/pages/dashboards/dashboard1.js\')')
 2 SYSTEMPATH\CodeIgniter.php(832): CodeIgniter\Router\Router->handle('dashboard/etudiant/js/pages/dashboards/dashboard1.js\')')
 3 SYSTEMPATH\CodeIgniter.php(455): CodeIgniter\CodeIgniter->tryToRouteIt(Object(CodeIgniter\Router\RouteCollection))
 4 SYSTEMPATH\CodeIgniter.php(354): CodeIgniter\CodeIgniter->handleRequest(null, Object(Config\Cache), false)
 5 SYSTEMPATH\Boot.php(363): CodeIgniter\CodeIgniter->run()
 6 SYSTEMPATH\Boot.php(68): CodeIgniter\Boot::runCodeIgniter(Object(CodeIgniter\CodeIgniter))
 7 FCPATH\index.php(59): CodeIgniter\Boot::bootWeb(Object(Config\Paths))
 8 SYSTEMPATH\rewrite.php(44): require_once('C:\\Users\\BONOU Mahuna Justus\\Desktop\\WEB\\BOOSTRAP\\Application\\Mon_Projet\\public\\index.php')
CRITICAL - 2025-09-27 13:40:22 --> CodeIgniter\View\Exceptions\ViewException: Invalid file: "dashboard/etudiant/profile.php"
[Method: GET, Route: dashboard/etudiant/profile]
in SYSTEMPATH\Exceptions\FrameworkException.php on line 39.
 1 SYSTEMPATH\View\View.php(214): CodeIgniter\Exceptions\FrameworkException::forInvalidFile('dashboard/etudiant/profile.php')
 2 SYSTEMPATH\Common.php(1199): CodeIgniter\View\View->render('dashboard/etudiant/profile', [], true)
 3 APPPATH\Controllers\Dashboard.php(15): view('dashboard/etudiant/profile')
 4 SYSTEMPATH\CodeIgniter.php(933): App\Controllers\Dashboard->profile()
 5 SYSTEMPATH\CodeIgniter.php(507): CodeIgniter\CodeIgniter->runController(Object(App\Controllers\Dashboard))
 6 SYSTEMPATH\CodeIgniter.php(354): CodeIgniter\CodeIgniter->handleRequest(null, Object(Config\Cache), false)
 7 SYSTEMPATH\Boot.php(363): CodeIgniter\CodeIgniter->run()
 8 SYSTEMPATH\Boot.php(68): CodeIgniter\Boot::runCodeIgniter(Object(CodeIgniter\CodeIgniter))
 9 FCPATH\index.php(59): CodeIgniter\Boot::bootWeb(Object(Config\Paths))
10 SYSTEMPATH\rewrite.php(44): require_once('C:\\Users\\BONOU Mahuna Justus\\Desktop\\WEB\\BOOSTRAP\\Application\\Mon_Projet\\public\\index.php')
CRITICAL - 2025-09-27 13:40:24 --> CodeIgniter\View\Exceptions\ViewException: Invalid file: "dashboard/etudiant/profile.php"
[Method: GET, Route: dashboard/etudiant/profile]
in SYSTEMPATH\Exceptions\FrameworkException.php on line 39.
 1 SYSTEMPATH\View\View.php(214): CodeIgniter\Exceptions\FrameworkException::forInvalidFile('dashboard/etudiant/profile.php')
 2 SYSTEMPATH\Common.php(1199): CodeIgniter\View\View->render('dashboard/etudiant/profile', [], true)
 3 APPPATH\Controllers\Dashboard.php(15): view('dashboard/etudiant/profile')
 4 SYSTEMPATH\CodeIgniter.php(933): App\Controllers\Dashboard->profile()
 5 SYSTEMPATH\CodeIgniter.php(507): CodeIgniter\CodeIgniter->runController(Object(App\Controllers\Dashboard))
 6 SYSTEMPATH\CodeIgniter.php(354): CodeIgniter\CodeIgniter->handleRequest(null, Object(Config\Cache), false)
 7 SYSTEMPATH\Boot.php(363): CodeIgniter\CodeIgniter->run()
 8 SYSTEMPATH\Boot.php(68): CodeIgniter\Boot::runCodeIgniter(Object(CodeIgniter\CodeIgniter))
 9 FCPATH\index.php(59): CodeIgniter\Boot::bootWeb(Object(Config\Paths))
10 SYSTEMPATH\rewrite.php(44): require_once('C:\\Users\\BONOU Mahuna Justus\\Desktop\\WEB\\BOOSTRAP\\Application\\Mon_Projet\\public\\index.php')
CRITICAL - 2025-09-27 13:40:44 --> CodeIgniter\View\Exceptions\ViewException: Invalid file: "dashboard/etudiant/profile.php"
[Method: GET, Route: dashboard/etudiant/profile]
in SYSTEMPATH\Exceptions\FrameworkException.php on line 39.
 1 SYSTEMPATH\View\View.php(214): CodeIgniter\Exceptions\FrameworkException::forInvalidFile('dashboard/etudiant/profile.php')
 2 SYSTEMPATH\Common.php(1199): CodeIgniter\View\View->render('dashboard/etudiant/profile', [], true)
 3 APPPATH\Controllers\Dashboard.php(15): view('dashboard/etudiant/profile')
 4 SYSTEMPATH\CodeIgniter.php(933): App\Controllers\Dashboard->profile()
 5 SYSTEMPATH\CodeIgniter.php(507): CodeIgniter\CodeIgniter->runController(Object(App\Controllers\Dashboard))
 6 SYSTEMPATH\CodeIgniter.php(354): CodeIgniter\CodeIgniter->handleRequest(null, Object(Config\Cache), false)
 7 SYSTEMPATH\Boot.php(363): CodeIgniter\CodeIgniter->run()
 8 SYSTEMPATH\Boot.php(68): CodeIgniter\Boot::runCodeIgniter(Object(CodeIgniter\CodeIgniter))
 9 FCPATH\index.php(59): CodeIgniter\Boot::bootWeb(Object(Config\Paths))
10 SYSTEMPATH\rewrite.php(44): require_once('C:\\Users\\BONOU Mahuna Justus\\Desktop\\WEB\\BOOSTRAP\\Application\\Mon_Projet\\public\\index.php')
