CRITICAL - 2025-09-29 01:25:27 --> CodeIgniter\HTTP\Exceptions\BadRequestException: The URI you submitted has disallowed characters: "bootstrap@5.1.3"
[Method: GET, Route: https:/cdn.jsdelivr.net/npm/bootstrap@5.1.3/dist/css/bootstrap.min.css]
in SYSTEMPATH\Router\Router.php on line 741.
 1 SYSTEMPATH\Router\Router.php(207): CodeIgniter\Router\Router->checkDisallowedChars('https:/cdn.jsdelivr.net/npm/bootstrap@5.1.3/dist/css/bootstrap.min.css')
 2 SYSTEMPATH\CodeIgniter.php(832): CodeIgniter\Router\Router->handle('https:/cdn.jsdelivr.net/npm/bootstrap@5.1.3/dist/css/bootstrap.min.css')
 3 SYSTEMPATH\CodeIgniter.php(455): CodeIgniter\CodeIgniter->tryToRouteIt(Object(CodeIgniter\Router\RouteCollection))
 4 SYSTEMPATH\CodeIgniter.php(354): CodeIgniter\CodeIgniter->handleRequest(null, Object(Config\Cache), false)
 5 SYSTEMPATH\Boot.php(363): CodeIgniter\CodeIgniter->run()
 6 SYSTEMPATH\Boot.php(68): CodeIgniter\Boot::runCodeIgniter(Object(CodeIgniter\CodeIgniter))
 7 FCPATH\index.php(59): CodeIgniter\Boot::bootWeb(Object(Config\Paths))
 8 SYSTEMPATH\rewrite.php(44): require_once('C:\\Users\\BONOU Mahuna Justus\\Desktop\\WEB\\BOOSTRAP\\Application\\Mon_Projet\\public\\index.php')
CRITICAL - 2025-09-29 01:25:27 --> CodeIgniter\HTTP\Exceptions\BadRequestException: The URI you submitted has disallowed characters: "@popperjs"
[Method: GET, Route: https:/cdn.jsdelivr.net/npm/@popperjs/core@2.10.2/dist/umd/popper.min.js]
in SYSTEMPATH\Router\Router.php on line 741.
 1 SYSTEMPATH\Router\Router.php(207): CodeIgniter\Router\Router->checkDisallowedChars('https:/cdn.jsdelivr.net/npm/@popperjs/core@2.10.2/dist/umd/popper.min.js')
 2 SYSTEMPATH\CodeIgniter.php(832): CodeIgniter\Router\Router->handle('https:/cdn.jsdelivr.net/npm/@popperjs/core@2.10.2/dist/umd/popper.min.js')
 3 SYSTEMPATH\CodeIgniter.php(455): CodeIgniter\CodeIgniter->tryToRouteIt(Object(CodeIgniter\Router\RouteCollection))
 4 SYSTEMPATH\CodeIgniter.php(354): CodeIgniter\CodeIgniter->handleRequest(null, Object(Config\Cache), false)
 5 SYSTEMPATH\Boot.php(363): CodeIgniter\CodeIgniter->run()
 6 SYSTEMPATH\Boot.php(68): CodeIgniter\Boot::runCodeIgniter(Object(CodeIgniter\CodeIgniter))
 7 FCPATH\index.php(59): CodeIgniter\Boot::bootWeb(Object(Config\Paths))
 8 SYSTEMPATH\rewrite.php(44): require_once('C:\\Users\\BONOU Mahuna Justus\\Desktop\\WEB\\BOOSTRAP\\Application\\Mon_Projet\\public\\index.php')
CRITICAL - 2025-09-29 01:25:28 --> CodeIgniter\HTTP\Exceptions\BadRequestException: The URI you submitted has disallowed characters: "bootstrap@5.1.3"
[Method: GET, Route: https:/cdn.jsdelivr.net/npm/bootstrap@5.1.3/dist/js/bootstrap.min.js]
in SYSTEMPATH\Router\Router.php on line 741.
 1 SYSTEMPATH\Router\Router.php(207): CodeIgniter\Router\Router->checkDisallowedChars('https:/cdn.jsdelivr.net/npm/bootstrap@5.1.3/dist/js/bootstrap.min.js')
 2 SYSTEMPATH\CodeIgniter.php(832): CodeIgniter\Router\Router->handle('https:/cdn.jsdelivr.net/npm/bootstrap@5.1.3/dist/js/bootstrap.min.js')
 3 SYSTEMPATH\CodeIgniter.php(455): CodeIgniter\CodeIgniter->tryToRouteIt(Object(CodeIgniter\Router\RouteCollection))
 4 SYSTEMPATH\CodeIgniter.php(354): CodeIgniter\CodeIgniter->handleRequest(null, Object(Config\Cache), false)
 5 SYSTEMPATH\Boot.php(363): CodeIgniter\CodeIgniter->run()
 6 SYSTEMPATH\Boot.php(68): CodeIgniter\Boot::runCodeIgniter(Object(CodeIgniter\CodeIgniter))
 7 FCPATH\index.php(59): CodeIgniter\Boot::bootWeb(Object(Config\Paths))
 8 SYSTEMPATH\rewrite.php(44): require_once('C:\\Users\\BONOU Mahuna Justus\\Desktop\\WEB\\BOOSTRAP\\Application\\Mon_Projet\\public\\index.php')
CRITICAL - 2025-09-29 01:25:39 --> CodeIgniter\HTTP\Exceptions\BadRequestException: The URI you submitted has disallowed characters: "bootstrap@5.1.3"
[Method: GET, Route: https:/cdn.jsdelivr.net/npm/bootstrap@5.1.3/dist/css/bootstrap.min.css]
in SYSTEMPATH\Router\Router.php on line 741.
 1 SYSTEMPATH\Router\Router.php(207): CodeIgniter\Router\Router->checkDisallowedChars('https:/cdn.jsdelivr.net/npm/bootstrap@5.1.3/dist/css/bootstrap.min.css')
 2 SYSTEMPATH\CodeIgniter.php(832): CodeIgniter\Router\Router->handle('https:/cdn.jsdelivr.net/npm/bootstrap@5.1.3/dist/css/bootstrap.min.css')
 3 SYSTEMPATH\CodeIgniter.php(455): CodeIgniter\CodeIgniter->tryToRouteIt(Object(CodeIgniter\Router\RouteCollection))
 4 SYSTEMPATH\CodeIgniter.php(354): CodeIgniter\CodeIgniter->handleRequest(null, Object(Config\Cache), false)
 5 SYSTEMPATH\Boot.php(363): CodeIgniter\CodeIgniter->run()
 6 SYSTEMPATH\Boot.php(68): CodeIgniter\Boot::runCodeIgniter(Object(CodeIgniter\CodeIgniter))
 7 FCPATH\index.php(59): CodeIgniter\Boot::bootWeb(Object(Config\Paths))
 8 SYSTEMPATH\rewrite.php(44): require_once('C:\\Users\\BONOU Mahuna Justus\\Desktop\\WEB\\BOOSTRAP\\Application\\Mon_Projet\\public\\index.php')
CRITICAL - 2025-09-29 01:25:39 --> CodeIgniter\HTTP\Exceptions\BadRequestException: The URI you submitted has disallowed characters: "@popperjs"
[Method: GET, Route: https:/cdn.jsdelivr.net/npm/@popperjs/core@2.10.2/dist/umd/popper.min.js]
in SYSTEMPATH\Router\Router.php on line 741.
 1 SYSTEMPATH\Router\Router.php(207): CodeIgniter\Router\Router->checkDisallowedChars('https:/cdn.jsdelivr.net/npm/@popperjs/core@2.10.2/dist/umd/popper.min.js')
 2 SYSTEMPATH\CodeIgniter.php(832): CodeIgniter\Router\Router->handle('https:/cdn.jsdelivr.net/npm/@popperjs/core@2.10.2/dist/umd/popper.min.js')
 3 SYSTEMPATH\CodeIgniter.php(455): CodeIgniter\CodeIgniter->tryToRouteIt(Object(CodeIgniter\Router\RouteCollection))
 4 SYSTEMPATH\CodeIgniter.php(354): CodeIgniter\CodeIgniter->handleRequest(null, Object(Config\Cache), false)
 5 SYSTEMPATH\Boot.php(363): CodeIgniter\CodeIgniter->run()
 6 SYSTEMPATH\Boot.php(68): CodeIgniter\Boot::runCodeIgniter(Object(CodeIgniter\CodeIgniter))
 7 FCPATH\index.php(59): CodeIgniter\Boot::bootWeb(Object(Config\Paths))
 8 SYSTEMPATH\rewrite.php(44): require_once('C:\\Users\\BONOU Mahuna Justus\\Desktop\\WEB\\BOOSTRAP\\Application\\Mon_Projet\\public\\index.php')
CRITICAL - 2025-09-29 01:25:40 --> CodeIgniter\HTTP\Exceptions\BadRequestException: The URI you submitted has disallowed characters: "bootstrap@5.1.3"
[Method: GET, Route: https:/cdn.jsdelivr.net/npm/bootstrap@5.1.3/dist/js/bootstrap.min.js]
in SYSTEMPATH\Router\Router.php on line 741.
 1 SYSTEMPATH\Router\Router.php(207): CodeIgniter\Router\Router->checkDisallowedChars('https:/cdn.jsdelivr.net/npm/bootstrap@5.1.3/dist/js/bootstrap.min.js')
 2 SYSTEMPATH\CodeIgniter.php(832): CodeIgniter\Router\Router->handle('https:/cdn.jsdelivr.net/npm/bootstrap@5.1.3/dist/js/bootstrap.min.js')
 3 SYSTEMPATH\CodeIgniter.php(455): CodeIgniter\CodeIgniter->tryToRouteIt(Object(CodeIgniter\Router\RouteCollection))
 4 SYSTEMPATH\CodeIgniter.php(354): CodeIgniter\CodeIgniter->handleRequest(null, Object(Config\Cache), false)
 5 SYSTEMPATH\Boot.php(363): CodeIgniter\CodeIgniter->run()
 6 SYSTEMPATH\Boot.php(68): CodeIgniter\Boot::runCodeIgniter(Object(CodeIgniter\CodeIgniter))
 7 FCPATH\index.php(59): CodeIgniter\Boot::bootWeb(Object(Config\Paths))
 8 SYSTEMPATH\rewrite.php(44): require_once('C:\\Users\\BONOU Mahuna Justus\\Desktop\\WEB\\BOOSTRAP\\Application\\Mon_Projet\\public\\index.php')
CRITICAL - 2025-09-29 01:26:16 --> CodeIgniter\HTTP\Exceptions\BadRequestException: The URI you submitted has disallowed characters: "@popperjs"
[Method: GET, Route: https:/cdn.jsdelivr.net/npm/@popperjs/core@2.10.2/dist/umd/popper.min.js]
in SYSTEMPATH\Router\Router.php on line 741.
 1 SYSTEMPATH\Router\Router.php(207): CodeIgniter\Router\Router->checkDisallowedChars('https:/cdn.jsdelivr.net/npm/@popperjs/core@2.10.2/dist/umd/popper.min.js')
 2 SYSTEMPATH\CodeIgniter.php(832): CodeIgniter\Router\Router->handle('https:/cdn.jsdelivr.net/npm/@popperjs/core@2.10.2/dist/umd/popper.min.js')
 3 SYSTEMPATH\CodeIgniter.php(455): CodeIgniter\CodeIgniter->tryToRouteIt(Object(CodeIgniter\Router\RouteCollection))
 4 SYSTEMPATH\CodeIgniter.php(354): CodeIgniter\CodeIgniter->handleRequest(null, Object(Config\Cache), false)
 5 SYSTEMPATH\Boot.php(363): CodeIgniter\CodeIgniter->run()
 6 SYSTEMPATH\Boot.php(68): CodeIgniter\Boot::runCodeIgniter(Object(CodeIgniter\CodeIgniter))
 7 FCPATH\index.php(59): CodeIgniter\Boot::bootWeb(Object(Config\Paths))
 8 SYSTEMPATH\rewrite.php(44): require_once('C:\\Users\\BONOU Mahuna Justus\\Desktop\\WEB\\BOOSTRAP\\Application\\Mon_Projet\\public\\index.php')
CRITICAL - 2025-09-29 01:26:16 --> CodeIgniter\HTTP\Exceptions\BadRequestException: The URI you submitted has disallowed characters: "bootstrap@5.1.3"
[Method: GET, Route: https:/cdn.jsdelivr.net/npm/bootstrap@5.1.3/dist/js/bootstrap.min.js]
in SYSTEMPATH\Router\Router.php on line 741.
 1 SYSTEMPATH\Router\Router.php(207): CodeIgniter\Router\Router->checkDisallowedChars('https:/cdn.jsdelivr.net/npm/bootstrap@5.1.3/dist/js/bootstrap.min.js')
 2 SYSTEMPATH\CodeIgniter.php(832): CodeIgniter\Router\Router->handle('https:/cdn.jsdelivr.net/npm/bootstrap@5.1.3/dist/js/bootstrap.min.js')
 3 SYSTEMPATH\CodeIgniter.php(455): CodeIgniter\CodeIgniter->tryToRouteIt(Object(CodeIgniter\Router\RouteCollection))
 4 SYSTEMPATH\CodeIgniter.php(354): CodeIgniter\CodeIgniter->handleRequest(null, Object(Config\Cache), false)
 5 SYSTEMPATH\Boot.php(363): CodeIgniter\CodeIgniter->run()
 6 SYSTEMPATH\Boot.php(68): CodeIgniter\Boot::runCodeIgniter(Object(CodeIgniter\CodeIgniter))
 7 FCPATH\index.php(59): CodeIgniter\Boot::bootWeb(Object(Config\Paths))
 8 SYSTEMPATH\rewrite.php(44): require_once('C:\\Users\\BONOU Mahuna Justus\\Desktop\\WEB\\BOOSTRAP\\Application\\Mon_Projet\\public\\index.php')
CRITICAL - 2025-09-29 01:29:56 --> CodeIgniter\HTTP\Exceptions\BadRequestException: The URI you submitted has disallowed characters: "@popperjs"
[Method: GET, Route: https:/cdn.jsdelivr.net/npm/@popperjs/core@2.10.2/dist/umd/popper.min.js]
in SYSTEMPATH\Router\Router.php on line 741.
 1 SYSTEMPATH\Router\Router.php(207): CodeIgniter\Router\Router->checkDisallowedChars('https:/cdn.jsdelivr.net/npm/@popperjs/core@2.10.2/dist/umd/popper.min.js')
 2 SYSTEMPATH\CodeIgniter.php(832): CodeIgniter\Router\Router->handle('https:/cdn.jsdelivr.net/npm/@popperjs/core@2.10.2/dist/umd/popper.min.js')
 3 SYSTEMPATH\CodeIgniter.php(455): CodeIgniter\CodeIgniter->tryToRouteIt(Object(CodeIgniter\Router\RouteCollection))
 4 SYSTEMPATH\CodeIgniter.php(354): CodeIgniter\CodeIgniter->handleRequest(null, Object(Config\Cache), false)
 5 SYSTEMPATH\Boot.php(363): CodeIgniter\CodeIgniter->run()
 6 SYSTEMPATH\Boot.php(68): CodeIgniter\Boot::runCodeIgniter(Object(CodeIgniter\CodeIgniter))
 7 FCPATH\index.php(59): CodeIgniter\Boot::bootWeb(Object(Config\Paths))
 8 SYSTEMPATH\rewrite.php(44): require_once('C:\\Users\\BONOU Mahuna Justus\\Desktop\\WEB\\BOOSTRAP\\Application\\Mon_Projet\\public\\index.php')
CRITICAL - 2025-09-29 01:29:56 --> CodeIgniter\HTTP\Exceptions\BadRequestException: The URI you submitted has disallowed characters: "bootstrap@5.1.3"
[Method: GET, Route: https:/cdn.jsdelivr.net/npm/bootstrap@5.1.3/dist/js/bootstrap.min.js]
in SYSTEMPATH\Router\Router.php on line 741.
 1 SYSTEMPATH\Router\Router.php(207): CodeIgniter\Router\Router->checkDisallowedChars('https:/cdn.jsdelivr.net/npm/bootstrap@5.1.3/dist/js/bootstrap.min.js')
 2 SYSTEMPATH\CodeIgniter.php(832): CodeIgniter\Router\Router->handle('https:/cdn.jsdelivr.net/npm/bootstrap@5.1.3/dist/js/bootstrap.min.js')
 3 SYSTEMPATH\CodeIgniter.php(455): CodeIgniter\CodeIgniter->tryToRouteIt(Object(CodeIgniter\Router\RouteCollection))
 4 SYSTEMPATH\CodeIgniter.php(354): CodeIgniter\CodeIgniter->handleRequest(null, Object(Config\Cache), false)
 5 SYSTEMPATH\Boot.php(363): CodeIgniter\CodeIgniter->run()
 6 SYSTEMPATH\Boot.php(68): CodeIgniter\Boot::runCodeIgniter(Object(CodeIgniter\CodeIgniter))
 7 FCPATH\index.php(59): CodeIgniter\Boot::bootWeb(Object(Config\Paths))
 8 SYSTEMPATH\rewrite.php(44): require_once('C:\\Users\\BONOU Mahuna Justus\\Desktop\\WEB\\BOOSTRAP\\Application\\Mon_Projet\\public\\index.php')
CRITICAL - 2025-09-29 01:29:58 --> CodeIgniter\HTTP\Exceptions\BadRequestException: The URI you submitted has disallowed characters: "bootstrap@5.1.3"
[Method: GET, Route: https:/cdn.jsdelivr.net/npm/bootstrap@5.1.3/dist/css/bootstrap.min.css]
in SYSTEMPATH\Router\Router.php on line 741.
 1 SYSTEMPATH\Router\Router.php(207): CodeIgniter\Router\Router->checkDisallowedChars('https:/cdn.jsdelivr.net/npm/bootstrap@5.1.3/dist/css/bootstrap.min.css')
 2 SYSTEMPATH\CodeIgniter.php(832): CodeIgniter\Router\Router->handle('https:/cdn.jsdelivr.net/npm/bootstrap@5.1.3/dist/css/bootstrap.min.css')
 3 SYSTEMPATH\CodeIgniter.php(455): CodeIgniter\CodeIgniter->tryToRouteIt(Object(CodeIgniter\Router\RouteCollection))
 4 SYSTEMPATH\CodeIgniter.php(354): CodeIgniter\CodeIgniter->handleRequest(null, Object(Config\Cache), false)
 5 SYSTEMPATH\Boot.php(363): CodeIgniter\CodeIgniter->run()
 6 SYSTEMPATH\Boot.php(68): CodeIgniter\Boot::runCodeIgniter(Object(CodeIgniter\CodeIgniter))
 7 FCPATH\index.php(59): CodeIgniter\Boot::bootWeb(Object(Config\Paths))
 8 SYSTEMPATH\rewrite.php(44): require_once('C:\\Users\\BONOU Mahuna Justus\\Desktop\\WEB\\BOOSTRAP\\Application\\Mon_Projet\\public\\index.php')
CRITICAL - 2025-09-29 01:30:00 --> CodeIgniter\HTTP\Exceptions\BadRequestException: The URI you submitted has disallowed characters: "bootstrap@5.1.3"
[Method: GET, Route: https:/cdn.jsdelivr.net/npm/bootstrap@5.1.3/dist/css/bootstrap.min.css]
in SYSTEMPATH\Router\Router.php on line 741.
 1 SYSTEMPATH\Router\Router.php(207): CodeIgniter\Router\Router->checkDisallowedChars('https:/cdn.jsdelivr.net/npm/bootstrap@5.1.3/dist/css/bootstrap.min.css')
 2 SYSTEMPATH\CodeIgniter.php(832): CodeIgniter\Router\Router->handle('https:/cdn.jsdelivr.net/npm/bootstrap@5.1.3/dist/css/bootstrap.min.css')
 3 SYSTEMPATH\CodeIgniter.php(455): CodeIgniter\CodeIgniter->tryToRouteIt(Object(CodeIgniter\Router\RouteCollection))
 4 SYSTEMPATH\CodeIgniter.php(354): CodeIgniter\CodeIgniter->handleRequest(null, Object(Config\Cache), false)
 5 SYSTEMPATH\Boot.php(363): CodeIgniter\CodeIgniter->run()
 6 SYSTEMPATH\Boot.php(68): CodeIgniter\Boot::runCodeIgniter(Object(CodeIgniter\CodeIgniter))
 7 FCPATH\index.php(59): CodeIgniter\Boot::bootWeb(Object(Config\Paths))
 8 SYSTEMPATH\rewrite.php(44): require_once('C:\\Users\\BONOU Mahuna Justus\\Desktop\\WEB\\BOOSTRAP\\Application\\Mon_Projet\\public\\index.php')
CRITICAL - 2025-09-29 01:30:44 --> CodeIgniter\HTTP\Exceptions\BadRequestException: The URI you submitted has disallowed characters: "@popperjs"
[Method: GET, Route: https:/cdn.jsdelivr.net/npm/@popperjs/core@2.10.2/dist/umd/popper.min.js]
in SYSTEMPATH\Router\Router.php on line 741.
 1 SYSTEMPATH\Router\Router.php(207): CodeIgniter\Router\Router->checkDisallowedChars('https:/cdn.jsdelivr.net/npm/@popperjs/core@2.10.2/dist/umd/popper.min.js')
 2 SYSTEMPATH\CodeIgniter.php(832): CodeIgniter\Router\Router->handle('https:/cdn.jsdelivr.net/npm/@popperjs/core@2.10.2/dist/umd/popper.min.js')
 3 SYSTEMPATH\CodeIgniter.php(455): CodeIgniter\CodeIgniter->tryToRouteIt(Object(CodeIgniter\Router\RouteCollection))
 4 SYSTEMPATH\CodeIgniter.php(354): CodeIgniter\CodeIgniter->handleRequest(null, Object(Config\Cache), false)
 5 SYSTEMPATH\Boot.php(363): CodeIgniter\CodeIgniter->run()
 6 SYSTEMPATH\Boot.php(68): CodeIgniter\Boot::runCodeIgniter(Object(CodeIgniter\CodeIgniter))
 7 FCPATH\index.php(59): CodeIgniter\Boot::bootWeb(Object(Config\Paths))
 8 SYSTEMPATH\rewrite.php(44): require_once('C:\\Users\\BONOU Mahuna Justus\\Desktop\\WEB\\BOOSTRAP\\Application\\Mon_Projet\\public\\index.php')
CRITICAL - 2025-09-29 01:30:44 --> CodeIgniter\HTTP\Exceptions\BadRequestException: The URI you submitted has disallowed characters: "bootstrap@5.1.3"
[Method: GET, Route: https:/cdn.jsdelivr.net/npm/bootstrap@5.1.3/dist/js/bootstrap.min.js]
in SYSTEMPATH\Router\Router.php on line 741.
 1 SYSTEMPATH\Router\Router.php(207): CodeIgniter\Router\Router->checkDisallowedChars('https:/cdn.jsdelivr.net/npm/bootstrap@5.1.3/dist/js/bootstrap.min.js')
 2 SYSTEMPATH\CodeIgniter.php(832): CodeIgniter\Router\Router->handle('https:/cdn.jsdelivr.net/npm/bootstrap@5.1.3/dist/js/bootstrap.min.js')
 3 SYSTEMPATH\CodeIgniter.php(455): CodeIgniter\CodeIgniter->tryToRouteIt(Object(CodeIgniter\Router\RouteCollection))
 4 SYSTEMPATH\CodeIgniter.php(354): CodeIgniter\CodeIgniter->handleRequest(null, Object(Config\Cache), false)
 5 SYSTEMPATH\Boot.php(363): CodeIgniter\CodeIgniter->run()
 6 SYSTEMPATH\Boot.php(68): CodeIgniter\Boot::runCodeIgniter(Object(CodeIgniter\CodeIgniter))
 7 FCPATH\index.php(59): CodeIgniter\Boot::bootWeb(Object(Config\Paths))
 8 SYSTEMPATH\rewrite.php(44): require_once('C:\\Users\\BONOU Mahuna Justus\\Desktop\\WEB\\BOOSTRAP\\Application\\Mon_Projet\\public\\index.php')
CRITICAL - 2025-09-29 02:40:00 --> CodeIgniter\View\Exceptions\ViewException: Invalid file: "index.php"
[Method: POST, Route: dashboard/etudiant/index]
in SYSTEMPATH\Exceptions\FrameworkException.php on line 39.
 1 SYSTEMPATH\View\View.php(214): CodeIgniter\Exceptions\FrameworkException::forInvalidFile('index.php')
 2 SYSTEMPATH\Common.php(1199): CodeIgniter\View\View->render('index', [], true)
 3 APPPATH\Controllers\Dashboard.php(9): view('index')
 4 SYSTEMPATH\CodeIgniter.php(933): App\Controllers\Dashboard->index()
 5 SYSTEMPATH\CodeIgniter.php(507): CodeIgniter\CodeIgniter->runController(Object(App\Controllers\Dashboard))
 6 SYSTEMPATH\CodeIgniter.php(354): CodeIgniter\CodeIgniter->handleRequest(null, Object(Config\Cache), false)
 7 SYSTEMPATH\Boot.php(363): CodeIgniter\CodeIgniter->run()
 8 SYSTEMPATH\Boot.php(68): CodeIgniter\Boot::runCodeIgniter(Object(CodeIgniter\CodeIgniter))
 9 FCPATH\index.php(59): CodeIgniter\Boot::bootWeb(Object(Config\Paths))
10 SYSTEMPATH\rewrite.php(44): require_once('C:\\Users\\BONOU Mahuna Justus\\Desktop\\WEB\\BOOSTRAP\\Application\\Mon_Projet\\public\\index.php')
CRITICAL - 2025-09-29 03:02:08 --> CodeIgniter\HTTP\Exceptions\BadRequestException: The URI you submitted has disallowed characters: "bootstrap@5.1.3"
[Method: GET, Route: https:/cdn.jsdelivr.net/npm/bootstrap@5.1.3/dist/css/bootstrap.min.css]
in SYSTEMPATH\Router\Router.php on line 741.
 1 SYSTEMPATH\Router\Router.php(207): CodeIgniter\Router\Router->checkDisallowedChars('https:/cdn.jsdelivr.net/npm/bootstrap@5.1.3/dist/css/bootstrap.min.css')
 2 SYSTEMPATH\CodeIgniter.php(832): CodeIgniter\Router\Router->handle('https:/cdn.jsdelivr.net/npm/bootstrap@5.1.3/dist/css/bootstrap.min.css')
 3 SYSTEMPATH\CodeIgniter.php(455): CodeIgniter\CodeIgniter->tryToRouteIt(Object(CodeIgniter\Router\RouteCollection))
 4 SYSTEMPATH\CodeIgniter.php(354): CodeIgniter\CodeIgniter->handleRequest(null, Object(Config\Cache), false)
 5 SYSTEMPATH\Boot.php(363): CodeIgniter\CodeIgniter->run()
 6 SYSTEMPATH\Boot.php(68): CodeIgniter\Boot::runCodeIgniter(Object(CodeIgniter\CodeIgniter))
 7 FCPATH\index.php(59): CodeIgniter\Boot::bootWeb(Object(Config\Paths))
 8 SYSTEMPATH\rewrite.php(44): require_once('C:\\Users\\BONOU Mahuna Justus\\Desktop\\WEB\\BOOSTRAP\\Application\\Mon_Projet\\public\\index.php')
CRITICAL - 2025-09-29 03:02:08 --> CodeIgniter\HTTP\Exceptions\BadRequestException: The URI you submitted has disallowed characters: "@popperjs"
[Method: GET, Route: https:/cdn.jsdelivr.net/npm/@popperjs/core@2.10.2/dist/umd/popper.min.js]
in SYSTEMPATH\Router\Router.php on line 741.
 1 SYSTEMPATH\Router\Router.php(207): CodeIgniter\Router\Router->checkDisallowedChars('https:/cdn.jsdelivr.net/npm/@popperjs/core@2.10.2/dist/umd/popper.min.js')
 2 SYSTEMPATH\CodeIgniter.php(832): CodeIgniter\Router\Router->handle('https:/cdn.jsdelivr.net/npm/@popperjs/core@2.10.2/dist/umd/popper.min.js')
 3 SYSTEMPATH\CodeIgniter.php(455): CodeIgniter\CodeIgniter->tryToRouteIt(Object(CodeIgniter\Router\RouteCollection))
 4 SYSTEMPATH\CodeIgniter.php(354): CodeIgniter\CodeIgniter->handleRequest(null, Object(Config\Cache), false)
 5 SYSTEMPATH\Boot.php(363): CodeIgniter\CodeIgniter->run()
 6 SYSTEMPATH\Boot.php(68): CodeIgniter\Boot::runCodeIgniter(Object(CodeIgniter\CodeIgniter))
 7 FCPATH\index.php(59): CodeIgniter\Boot::bootWeb(Object(Config\Paths))
 8 SYSTEMPATH\rewrite.php(44): require_once('C:\\Users\\BONOU Mahuna Justus\\Desktop\\WEB\\BOOSTRAP\\Application\\Mon_Projet\\public\\index.php')
CRITICAL - 2025-09-29 03:02:08 --> CodeIgniter\HTTP\Exceptions\BadRequestException: The URI you submitted has disallowed characters: "bootstrap@5.1.3"
[Method: GET, Route: https:/cdn.jsdelivr.net/npm/bootstrap@5.1.3/dist/js/bootstrap.min.js]
in SYSTEMPATH\Router\Router.php on line 741.
 1 SYSTEMPATH\Router\Router.php(207): CodeIgniter\Router\Router->checkDisallowedChars('https:/cdn.jsdelivr.net/npm/bootstrap@5.1.3/dist/js/bootstrap.min.js')
 2 SYSTEMPATH\CodeIgniter.php(832): CodeIgniter\Router\Router->handle('https:/cdn.jsdelivr.net/npm/bootstrap@5.1.3/dist/js/bootstrap.min.js')
 3 SYSTEMPATH\CodeIgniter.php(455): CodeIgniter\CodeIgniter->tryToRouteIt(Object(CodeIgniter\Router\RouteCollection))
 4 SYSTEMPATH\CodeIgniter.php(354): CodeIgniter\CodeIgniter->handleRequest(null, Object(Config\Cache), false)
 5 SYSTEMPATH\Boot.php(363): CodeIgniter\CodeIgniter->run()
 6 SYSTEMPATH\Boot.php(68): CodeIgniter\Boot::runCodeIgniter(Object(CodeIgniter\CodeIgniter))
 7 FCPATH\index.php(59): CodeIgniter\Boot::bootWeb(Object(Config\Paths))
 8 SYSTEMPATH\rewrite.php(44): require_once('C:\\Users\\BONOU Mahuna Justus\\Desktop\\WEB\\BOOSTRAP\\Application\\Mon_Projet\\public\\index.php')
CRITICAL - 2025-09-29 03:02:11 --> CodeIgniter\HTTP\Exceptions\BadRequestException: The URI you submitted has disallowed characters: "bootstrap@5.1.3"
[Method: GET, Route: https:/cdn.jsdelivr.net/npm/bootstrap@5.1.3/dist/css/bootstrap.min.css]
in SYSTEMPATH\Router\Router.php on line 741.
 1 SYSTEMPATH\Router\Router.php(207): CodeIgniter\Router\Router->checkDisallowedChars('https:/cdn.jsdelivr.net/npm/bootstrap@5.1.3/dist/css/bootstrap.min.css')
 2 SYSTEMPATH\CodeIgniter.php(832): CodeIgniter\Router\Router->handle('https:/cdn.jsdelivr.net/npm/bootstrap@5.1.3/dist/css/bootstrap.min.css')
 3 SYSTEMPATH\CodeIgniter.php(455): CodeIgniter\CodeIgniter->tryToRouteIt(Object(CodeIgniter\Router\RouteCollection))
 4 SYSTEMPATH\CodeIgniter.php(354): CodeIgniter\CodeIgniter->handleRequest(null, Object(Config\Cache), false)
 5 SYSTEMPATH\Boot.php(363): CodeIgniter\CodeIgniter->run()
 6 SYSTEMPATH\Boot.php(68): CodeIgniter\Boot::runCodeIgniter(Object(CodeIgniter\CodeIgniter))
 7 FCPATH\index.php(59): CodeIgniter\Boot::bootWeb(Object(Config\Paths))
 8 SYSTEMPATH\rewrite.php(44): require_once('C:\\Users\\BONOU Mahuna Justus\\Desktop\\WEB\\BOOSTRAP\\Application\\Mon_Projet\\public\\index.php')
CRITICAL - 2025-09-29 03:02:11 --> CodeIgniter\HTTP\Exceptions\BadRequestException: The URI you submitted has disallowed characters: "@popperjs"
[Method: GET, Route: https:/cdn.jsdelivr.net/npm/@popperjs/core@2.10.2/dist/umd/popper.min.js]
in SYSTEMPATH\Router\Router.php on line 741.
 1 SYSTEMPATH\Router\Router.php(207): CodeIgniter\Router\Router->checkDisallowedChars('https:/cdn.jsdelivr.net/npm/@popperjs/core@2.10.2/dist/umd/popper.min.js')
 2 SYSTEMPATH\CodeIgniter.php(832): CodeIgniter\Router\Router->handle('https:/cdn.jsdelivr.net/npm/@popperjs/core@2.10.2/dist/umd/popper.min.js')
 3 SYSTEMPATH\CodeIgniter.php(455): CodeIgniter\CodeIgniter->tryToRouteIt(Object(CodeIgniter\Router\RouteCollection))
 4 SYSTEMPATH\CodeIgniter.php(354): CodeIgniter\CodeIgniter->handleRequest(null, Object(Config\Cache), false)
 5 SYSTEMPATH\Boot.php(363): CodeIgniter\CodeIgniter->run()
 6 SYSTEMPATH\Boot.php(68): CodeIgniter\Boot::runCodeIgniter(Object(CodeIgniter\CodeIgniter))
 7 FCPATH\index.php(59): CodeIgniter\Boot::bootWeb(Object(Config\Paths))
 8 SYSTEMPATH\rewrite.php(44): require_once('C:\\Users\\BONOU Mahuna Justus\\Desktop\\WEB\\BOOSTRAP\\Application\\Mon_Projet\\public\\index.php')
CRITICAL - 2025-09-29 03:02:11 --> CodeIgniter\HTTP\Exceptions\BadRequestException: The URI you submitted has disallowed characters: "bootstrap@5.1.3"
[Method: GET, Route: https:/cdn.jsdelivr.net/npm/bootstrap@5.1.3/dist/js/bootstrap.min.js]
in SYSTEMPATH\Router\Router.php on line 741.
 1 SYSTEMPATH\Router\Router.php(207): CodeIgniter\Router\Router->checkDisallowedChars('https:/cdn.jsdelivr.net/npm/bootstrap@5.1.3/dist/js/bootstrap.min.js')
 2 SYSTEMPATH\CodeIgniter.php(832): CodeIgniter\Router\Router->handle('https:/cdn.jsdelivr.net/npm/bootstrap@5.1.3/dist/js/bootstrap.min.js')
 3 SYSTEMPATH\CodeIgniter.php(455): CodeIgniter\CodeIgniter->tryToRouteIt(Object(CodeIgniter\Router\RouteCollection))
 4 SYSTEMPATH\CodeIgniter.php(354): CodeIgniter\CodeIgniter->handleRequest(null, Object(Config\Cache), false)
 5 SYSTEMPATH\Boot.php(363): CodeIgniter\CodeIgniter->run()
 6 SYSTEMPATH\Boot.php(68): CodeIgniter\Boot::runCodeIgniter(Object(CodeIgniter\CodeIgniter))
 7 FCPATH\index.php(59): CodeIgniter\Boot::bootWeb(Object(Config\Paths))
 8 SYSTEMPATH\rewrite.php(44): require_once('C:\\Users\\BONOU Mahuna Justus\\Desktop\\WEB\\BOOSTRAP\\Application\\Mon_Projet\\public\\index.php')
